<?xml version="1.0" encoding="UTF-8"?>
<!-- Generated by org.testng.reporters.JUnitReportReporter -->
<testsuite hostname="DESKTOP-NHOMGB7" failures="0" tests="4" name="com.ui.GroupDemo" time="0.002" errors="0" timestamp="2021-07-10T16:40:23 EDT" skipped="0">
  <testcase classname="com.ui.GroupDemo" name="test_1" time="0.001"/>
  <system-out/>
  <testcase classname="com.ui.GroupDemo" name="test_3" time="0.000"/>
  <system-out/>
  <testcase classname="com.ui.GroupDemo" name="test_4" time="0.000"/>
  <system-out/>
  <testcase classname="com.ui.GroupDemo" name="test_2" time="0.001"/>
  <system-out/>
</testsuite> <!-- com.ui.GroupDemo -->
