<?xml version="1.0" encoding="UTF-8"?>
<!-- Generated by org.testng.reporters.JUnitReportReporter -->
<testsuite hostname="DESKTOP-NHOMGB7" failures="0" tests="1" name="com.ui.HardAssert" time="8.480" errors="0" timestamp="2021-07-14T01:50:39 EDT" skipped="0">
  <testcase classname="com.ui.HardAssert" name="searchBoxText" time="8.480"/>
  <system-out/>
</testsuite> <!-- com.ui.HardAssert -->
