<?xml version="1.0" encoding="UTF-8"?>
<!-- Generated by org.testng.reporters.JUnitReportReporter -->
<testsuite hostname="DESKTOP-NHOMGB7" failures="0" tests="1" name="com.ui.LoginTest" time="3.825" errors="0" timestamp="2021-07-16T22:42:15 EDT" skipped="0">
  <testcase classname="com.ui.LoginTest" name="launchApplication" time="3.825"/>
  <system-out/>
</testsuite> <!-- com.ui.LoginTest -->
