<?xml version="1.0" encoding="UTF-8"?>
<!-- Generated by org.testng.reporters.JUnitReportReporter -->
<testsuite hostname="DESKTOP-NHOMGB7" failures="0" tests="4" name="com.ui.SkippedDemoTest" time="0.010" errors="0" timestamp="2021-07-13T22:56:31 EDT" skipped="2">
  <testcase classname="com.ui.SkippedDemoTest" name="skipedTest4" time="0.001"/>
  <system-out/>
  <testcase classname="com.ui.SkippedDemoTest" name="skipedTest3" time="0.001"/>
  <system-out/>
  <testcase classname="com.ui.SkippedDemoTest" name="skipedTest2" time="0.008">
    <skipped/>
  </testcase> <!-- skipedTest2 -->
  <system-out/>
  <testcase classname="com.ui.SkippedDemoTest" name="skipedTest1">
    <skipped/>
  </testcase> <!-- skipedTest1 -->
  <system-out/>
</testsuite> <!-- com.ui.SkippedDemoTest -->
