<?xml version="1.0" encoding="UTF-8"?>
<!-- Generated by org.testng.reporters.JUnitReportReporter -->
<testsuite hostname="DESKTOP-NHOMGB7" failures="0" tests="1" name="com.ui.SoftAssertTestCases" time="6.240" errors="0" timestamp="2021-07-10T16:40:23 EDT" skipped="0">
  <testcase classname="com.ui.SoftAssertTestCases" name="searchBoxText" time="6.240"/>
  <system-out/>
</testsuite> <!-- com.ui.SoftAssertTestCases -->
