<?xml version="1.0" encoding="UTF-8"?>
<!-- Generated by org.testng.reporters.JUnitReportReporter -->
<testsuite hostname="DESKTOP-NHOMGB7" failures="0" tests="3" name="com.ui.DemoBeforeGroupTest" time="0.017" errors="0" timestamp="2021-07-14T00:43:57 EDT" skipped="0">
  <testcase classname="com.ui.DemoBeforeGroupTest" name="loginTest" time="0.011"/>
  <system-out/>
  <testcase classname="com.ui.DemoBeforeGroupTest" name="signUP" time="0.002"/>
  <system-out/>
  <testcase classname="com.ui.DemoBeforeGroupTest" name="logOut" time="0.004"/>
  <system-out/>
</testsuite> <!-- com.ui.DemoBeforeGroupTest -->
