<?xml version="1.0" encoding="UTF-8"?>
<!-- Generated by org.testng.reporters.JUnitReportReporter -->
<testsuite hostname="DESKTOP-NHOMGB7" failures="0" tests="4" name="report.TestNGReportDemo" time="0.658" errors="0" timestamp="2021-07-20T06:08:37 EDT" skipped="0">
  <testcase classname="report.TestNGReportDemo" name="reporterTest4" time="0.001"/>
  <system-out>
Method name is -reporterTest4 Status of execution is--1  </system-out>
  <testcase classname="report.TestNGReportDemo" name="reporterTest3" time="0.001"/>
  <system-out>
Method name is -reporterTest3 Status of execution is--1  </system-out>
  <testcase classname="report.TestNGReportDemo" name="reporterTest1" time="0.655"/>
  <system-out>
Method name is -reporterTest1 This is test1 Status of execution is--1  </system-out>
  <testcase classname="report.TestNGReportDemo" name="reporterTest2" time="0.001"/>
  <system-out>
Method name is -reporterTest2 Status of execution is--1  </system-out>
</testsuite> <!-- report.TestNGReportDemo -->
