<?xml version="1.0" encoding="UTF-8"?>
<!-- Generated by org.testng.reporters.JUnitReportReporter -->
<testsuite hostname="DESKTOP-NHOMGB7" failures="0" tests="3" name="com.ui.BeforeAndAfterClassDemo$GroupDemoTest" time="0.009" errors="0" timestamp="2021-07-14T00:11:32 EDT" skipped="0">
  <testcase classname="com.ui.BeforeAndAfterClassDemo$GroupDemoTest" name="loginTest" time="0.005"/>
  <system-out/>
  <testcase classname="com.ui.BeforeAndAfterClassDemo$GroupDemoTest" name="signUP" time="0.002"/>
  <system-out/>
  <testcase classname="com.ui.BeforeAndAfterClassDemo$GroupDemoTest" name="logOut" time="0.002"/>
  <system-out/>
</testsuite> <!-- com.ui.BeforeAndAfterClassDemo$GroupDemoTest -->
