<?xml version="1.0" encoding="UTF-8"?>
<!-- Generated by org.testng.reporters.JUnitReportReporter -->
<testsuite hostname="DESKTOP-NHOMGB7" failures="0" tests="4" name="com.ui.SauceDemo" time="19.363" errors="0" timestamp="2021-07-14T18:11:19 EDT" skipped="0">
  <testcase classname="com.ui.SauceDemo" name="setUp" time="6.447"/>
  <system-out/>
  <testcase classname="com.ui.SauceDemo" name="setUp" time="10.428"/>
  <system-out/>
  <testcase classname="com.ui.SauceDemo" name="setUp" time="1.261"/>
  <system-out/>
  <testcase classname="com.ui.SauceDemo" name="setUp" time="1.227"/>
  <system-out/>
</testsuite> <!-- com.ui.SauceDemo -->
