<?xml version="1.0" encoding="UTF-8"?>
<!-- Generated by org.testng.reporters.JUnitReportReporter -->
<testsuite hostname="DESKTOP-NHOMGB7" failures="0" tests="3" name="com.ui.BeforeGroupTest" time="0.009" errors="0" timestamp="2021-07-14T00:35:35 EDT" skipped="0">
  <testcase classname="com.ui.BeforeGroupTest" name="loginTest" time="0.007"/>
  <system-out/>
  <testcase classname="com.ui.BeforeGroupTest" name="signUP" time="0.001"/>
  <system-out/>
  <testcase classname="com.ui.BeforeGroupTest" name="logOut" time="0.001"/>
  <system-out/>
</testsuite> <!-- com.ui.BeforeGroupTest -->
