<?xml version="1.0" encoding="UTF-8"?>
<!-- Generated by org.testng.reporters.JUnitReportReporter -->
<testsuite hostname="DESKTOP-NHOMGB7" failures="0" tests="8" name="com.ui.DataProviderDemoTest" time="0.013" errors="0" timestamp="2021-07-17T21:05:00 EDT" skipped="0">
  <testcase classname="com.ui.DataProviderDemoTest" name="test1" time="0.001"/>
  <system-out/>
  <testcase classname="com.ui.DataProviderDemoTest" name="test1" time="0.001"/>
  <system-out/>
  <testcase classname="com.ui.DataProviderDemoTest" name="test1" time="0.001"/>
  <system-out/>
  <testcase classname="com.ui.DataProviderDemoTest" name="test" time="0.001"/>
  <system-out/>
  <testcase classname="com.ui.DataProviderDemoTest" name="test" time="0.001"/>
  <system-out/>
  <testcase classname="com.ui.DataProviderDemoTest" name="test" time="0.006"/>
  <system-out/>
  <testcase classname="com.ui.DataProviderDemoTest" name="test1" time="0.001"/>
  <system-out/>
  <testcase classname="com.ui.DataProviderDemoTest" name="test" time="0.001"/>
  <system-out/>
</testsuite> <!-- com.ui.DataProviderDemoTest -->
