<?xml version="1.0" encoding="UTF-8"?>
<!-- Generated by org.testng.reporters.JUnitReportReporter -->
<testsuite hostname="DESKTOP-NHOMGB7" failures="0" tests="5" name="com.ui.GroupDemoTest" time="0.014" errors="0" timestamp="2021-07-14T00:00:21 EDT" skipped="0">
  <testcase classname="com.ui.GroupDemoTest" name="beforeClass" time="0.001"/>
  <system-out/>
  <testcase classname="com.ui.GroupDemoTest" name="afterClass" time="0.009"/>
  <system-out/>
  <testcase classname="com.ui.GroupDemoTest" name="loginTest" time="0.002"/>
  <system-out/>
  <testcase classname="com.ui.GroupDemoTest" name="signUP" time="0.001"/>
  <system-out/>
  <testcase classname="com.ui.GroupDemoTest" name="logOut" time="0.001"/>
  <system-out/>
</testsuite> <!-- com.ui.GroupDemoTest -->
