<?xml version="1.0" encoding="UTF-8"?>
<!-- Generated by org.testng.reporters.JUnitReportReporter -->
<testsuite hostname="DESKTOP-NHOMGB7" failures="0" tests="12" name="com.ui.DataProviderTestCaseSingle" time="0.014" errors="0" timestamp="2021-07-15T03:07:43 EDT" skipped="0">
  <testcase classname="com.ui.DataProviderTestCaseSingle" name="test2" time="0.000"/>
  <system-out/>
  <testcase classname="com.ui.DataProviderTestCaseSingle" name="test1" time="0.000"/>
  <system-out/>
  <testcase classname="com.ui.DataProviderTestCaseSingle" name="test1" time="0.001"/>
  <system-out/>
  <testcase classname="com.ui.DataProviderTestCaseSingle" name="test2" time="0.001"/>
  <system-out/>
  <testcase classname="com.ui.DataProviderTestCaseSingle" name="test1" time="0.001"/>
  <system-out/>
  <testcase classname="com.ui.DataProviderTestCaseSingle" name="test2" time="0.001"/>
  <system-out/>
  <testcase classname="com.ui.DataProviderTestCaseSingle" name="test" time="0.001"/>
  <system-out/>
  <testcase classname="com.ui.DataProviderTestCaseSingle" name="test" time="0.001"/>
  <system-out/>
  <testcase classname="com.ui.DataProviderTestCaseSingle" name="test" time="0.006"/>
  <system-out/>
  <testcase classname="com.ui.DataProviderTestCaseSingle" name="test1" time="0.000"/>
  <system-out/>
  <testcase classname="com.ui.DataProviderTestCaseSingle" name="test2" time="0.001"/>
  <system-out/>
  <testcase classname="com.ui.DataProviderTestCaseSingle" name="test" time="0.001"/>
  <system-out/>
</testsuite> <!-- com.ui.DataProviderTestCaseSingle -->
