<?xml version="1.0" encoding="UTF-8"?>
<!-- Generated by org.testng.reporters.JUnitReportReporter -->
<testsuite hostname="DESKTOP-NHOMGB7" failures="0" tests="1" name="com.bd.google.GoogleProject" time="2.660" errors="0" timestamp="2021-07-17T21:37:38 EDT" skipped="0">
  <testcase classname="com.bd.google.GoogleProject" name="Login" time="2.660"/>
  <system-out/>
</testsuite> <!-- com.bd.google.GoogleProject -->
