<?xml version="1.0" encoding="UTF-8"?>
<!-- Generated by org.testng.reporters.JUnitReportReporter -->
<testsuite hostname="DESKTOP-NHOMGB7" failures="0" tests="1" name="onlinechecking.CheckingOnline" time="0.001" errors="0" timestamp="2021-07-17T17:50:44 EDT" skipped="0">
  <testcase classname="onlinechecking.CheckingOnline" name="checkingOnline_PNR_Number" time="0.001"/>
  <system-out/>
</testsuite> <!-- onlinechecking.CheckingOnline -->
