<?xml version="1.0" encoding="UTF-8"?>
<!-- Generated by org.testng.reporters.JUnitReportReporter -->
<testsuite hostname="DESKTOP-NHOMGB7" failures="0" tests="1" name="booking.BookHolidayPackage" time="0.001" errors="0" timestamp="2021-07-17T18:37:46 EDT" skipped="0">
  <testcase classname="booking.BookHolidayPackage" name="bookHolidayPackage_departure" time="0.001"/>
  <system-out/>
</testsuite> <!-- booking.BookHolidayPackage -->
