<?xml version="1.0" encoding="UTF-8"?>
<!-- Generated by org.testng.reporters.JUnitReportReporter -->
<testsuite hostname="DESKTOP-NHOMGB7" failures="0" tests="4" name="booking.DataProviderDemo" time="0.009" errors="0" timestamp="2021-07-18T08:40:51 EDT" skipped="0">
  <testcase classname="booking.DataProviderDemo" name="testcase1" time="0.001"/>
  <system-out/>
  <testcase classname="booking.DataProviderDemo" name="testcase1" time="0.006"/>
  <system-out/>
  <testcase classname="booking.DataProviderDemo" name="testcase1" time="0.001"/>
  <system-out/>
  <testcase classname="booking.DataProviderDemo" name="testcase1" time="0.001"/>
  <system-out/>
</testsuite> <!-- booking.DataProviderDemo -->
