<?xml version="1.0" encoding="UTF-8"?>
<!-- Generated by org.testng.reporters.JUnitReportReporter -->
<testsuite hostname="DESKTOP-NHOMGB7" failures="0" tests="4" name="booking.BookFlight" time="0.013" errors="0" timestamp="2021-07-17T17:50:44 EDT" skipped="0">
  <testcase classname="booking.BookFlight" name="bookflight_roundTrip_testCase2" time="0.001"/>
  <system-out/>
  <testcase classname="booking.BookFlight" name="bookflight_oneWay_testCase2" time="0.000"/>
  <system-out/>
  <testcase classname="booking.BookFlight" name="bookflight_roundTrip_testCase1" time="0.001"/>
  <system-out/>
  <testcase classname="booking.BookFlight" name="bookflight_oneWay_testCase1" time="0.011"/>
  <system-out/>
</testsuite> <!-- booking.BookFlight -->
