<?xml version="1.0" encoding="UTF-8"?>
<!-- Generated by org.testng.reporters.JUnitReportReporter -->
<testsuite hostname="DESKTOP-NHOMGB7" failures="0" tests="1" name="booking.FlightStatus" time="0.007" errors="0" timestamp="2021-07-17T18:37:46 EDT" skipped="0">
  <testcase classname="booking.FlightStatus" name="file_Status_Testcase2" time="0.007"/>
  <system-out/>
</testsuite> <!-- booking.FlightStatus -->
